<?xml version="1.0" encoding="UTF-8"?>
<!-- Generated by org.testng.reporters.JUnitReportReporter -->
<testsuite hostname="DESKTOP-J635KSF" failures="0" tests="1" name="datadrive.dataclass1" time="0.011" errors="0" timestamp="2023-08-18T09:46:32 IST" skipped="0">
  <testcase classname="datadrive.dataclass1" name="f" time="0.011"/>
  <system-out/>
</testsuite> <!-- datadrive.dataclass1 -->
