<?xml version="1.0" encoding="UTF-8"?>
<!-- Generated by org.testng.reporters.JUnitReportReporter -->
<testsuite hostname="DESKTOP-J635KSF" failures="0" tests="2" name="newtest.Annotations" time="0.050" errors="0" timestamp="2023-10-11T15:31:46 IST" skipped="0">
  <testcase classname="newtest.Annotations" name="testcase2" time="0.018"/>
  <system-out/>
  <testcase classname="newtest.Annotations" name="testcase1" time="0.032"/>
  <system-out/>
</testsuite> <!-- newtest.Annotations -->
