<?xml version="1.0" encoding="UTF-8"?>
<!-- Generated by org.testng.reporters.JUnitReportReporter -->
<testsuite hostname="DESKTOP-J635KSF" failures="0" tests="2" name="newtest.annotation1" time="0.028" errors="0" timestamp="2023-08-14T10:15:08 IST" skipped="0">
  <testcase classname="newtest.annotation1" name="test2" time="0.007"/>
  <system-out/>
  <testcase classname="newtest.annotation1" name="test1" time="0.021"/>
  <system-out/>
</testsuite> <!-- newtest.annotation1 -->
