<?xml version="1.0" encoding="UTF-8"?>
<!-- Generated by org.testng.reporters.JUnitReportReporter -->
<testsuite hostname="DESKTOP-J635KSF" failures="0" tests="1" name="newtest.Readproperties" time="0.015" errors="0" timestamp="2023-08-17T09:15:55 IST" skipped="0">
  <testcase classname="newtest.Readproperties" name="f" time="0.015"/>
  <system-out/>
</testsuite> <!-- newtest.Readproperties -->
