<?xml version="1.0" encoding="UTF-8"?>
<!-- Generated by org.testng.reporters.JUnitReportReporter -->
<testsuite hostname="DESKTOP-J635KSF" failures="0" tests="3" name="newtest.enable" time="0.019" errors="0" timestamp="2023-08-14T09:32:22 IST" skipped="1">
  <testcase classname="newtest.enable" name="registration" time="0.016"/>
  <system-out/>
  <testcase classname="newtest.enable" name="logout" time="0.003"/>
  <system-out/>
  <testcase classname="newtest.enable" name="login">
    <skipped/>
  </testcase> <!-- login -->
  <system-out/>
</testsuite> <!-- newtest.enable -->
