<?xml version="1.0" encoding="UTF-8"?>
<!-- Generated by org.testng.reporters.JUnitReportReporter -->
<testsuite hostname="DESKTOP-J635KSF" failures="0" tests="1" name="newtest.first" time="0.019" errors="0" timestamp="2023-08-14T09:01:15 IST" skipped="0">
  <testcase classname="newtest.first" name="f" time="0.019"/>
  <system-out/>
</testsuite> <!-- newtest.first -->
