<?xml version="1.0" encoding="UTF-8"?>
<!-- Generated by org.testng.reporters.JUnitReportReporter -->
<testsuite hostname="DESKTOP-J635KSF" failures="0" tests="1" name="newtest.annotation" time="0.017" errors="0" timestamp="2023-10-11T14:48:40 IST" skipped="0">
  <testcase classname="newtest.annotation" name="f" time="0.017"/>
  <system-out/>
</testsuite> <!-- newtest.annotation -->
