<?xml version="1.0" encoding="UTF-8"?>
<!-- Generated by org.testng.reporters.JUnitReportReporter -->
<testsuite hostname="DESKTOP-J635KSF" failures="0" tests="3" name="newtest.piority" time="0.021" errors="0" timestamp="2023-08-14T09:22:19 IST" skipped="0">
  <testcase classname="newtest.piority" name="h" time="0.004"/>
  <system-out/>
  <testcase classname="newtest.piority" name="g" time="0.014"/>
  <system-out/>
  <testcase classname="newtest.piority" name="f" time="0.003"/>
  <system-out/>
</testsuite> <!-- newtest.piority -->
