<?xml version="1.0" encoding="UTF-8"?>
<!-- Generated by org.testng.reporters.JUnitReportReporter -->
<testsuite hostname="DESKTOP-J635KSF" failures="0" tests="3" name="newtest.second" time="0.023" errors="0" timestamp="2023-08-14T09:21:00 IST" skipped="0">
  <testcase classname="newtest.second" name="f" time="0.003"/>
  <system-out/>
  <testcase classname="newtest.second" name="j" time="0.002"/>
  <system-out/>
  <testcase classname="newtest.second" name="P" time="0.018"/>
  <system-out/>
</testsuite> <!-- newtest.second -->
